# JRE version: Java(TM) SE Runtime Environment (8.0_231-b11) (build 1.8.0_231-b11)
# Java VM: Java HotSpot(TM) 64-Bit Server VM (25.231-b11 mixed mode windows-amd64 compressed oops)
Heap:
 PSYoungGen      total 328704K, used 143971K [0x00000000d5c00000, 0x00000000f2300000, 0x0000000100000000)
  eden space 206848K, 29% used [0x00000000d5c00000,0x00000000d979a618,0x00000000e2600000)
  from space 121856K, 68% used [0x00000000ea100000,0x00000000ef1fe800,0x00000000f1800000)
  to   space 125952K, 0% used [0x00000000e2600000,0x00000000e2600000,0x00000000ea100000)
 ParOldGen       total 235008K, used 178523K [0x0000000081400000, 0x000000008f980000, 0x00000000d5c00000)
  object space 235008K, 75% used [0x0000000081400000,0x000000008c256f90,0x000000008f980000)
 Metaspace       used 19107K, capacity 19852K, committed 20096K, reserved 1067008K
  class space    used 2425K, capacity 2625K, committed 2688K, reserved 1048576K
GC Heap History (10 events):
Event: 162.933 GC heap before
{Heap before GC invocations=14 (full 2):
 PSYoungGen      total 246272K, used 233686K [0x00000000d5c00000, 0x00000000ec900000, 0x0000000100000000)
  eden space 158208K, 100% used [0x00000000d5c00000,0x00000000df680000,0x00000000df680000)
  from space 88064K, 85% used [0x00000000df680000,0x00000000e4035a70,0x00000000e4c80000)
  to   space 97792K, 0% used [0x00000000e6980000,0x00000000e6980000,0x00000000ec900000)
 ParOldGen       total 235008K, used 178472K [0x0000000081400000, 0x000000008f980000, 0x00000000d5c00000)
  object space 235008K, 75% used [0x0000000081400000,0x000000008c24a168,0x000000008f980000)
 Metaspace       used 18634K, capacity 19412K, committed 19584K, reserved 1067008K
  class space    used 2369K, capacity 2577K, committed 2688K, reserved 1048576K
Event: 163.004 GC heap after
Heap after GC invocations=14 (full 2):
 PSYoungGen      total 268288K, used 75990K [0x00000000d5c00000, 0x00000000ed980000, 0x0000000100000000)
  eden space 170496K, 0% used [0x00000000d5c00000,0x00000000d5c00000,0x00000000e0280000)
  from space 97792K, 77% used [0x00000000e6980000,0x00000000eb3b5a70,0x00000000ec900000)
  to   space 105472K, 0% used [0x00000000e0280000,0x00000000e0280000,0x00000000e6980000)
 ParOldGen       total 235008K, used 178480K [0x0000000081400000, 0x000000008f980000, 0x00000000d5c00000)
  object space 235008K, 75% used [0x0000000081400000,0x000000008c24c168,0x000000008f980000)
 Metaspace       used 18634K, capacity 19412K, committed 19584K, reserved 1067008K
  class space    used 2369K, capacity 2577K, committed 2688K, reserved 1048576K
}
Event: 165.676 GC heap before
{Heap before GC invocations=15 (full 2):
 PSYoungGen      total 268288K, used 246486K [0x00000000d5c00000, 0x00000000ed980000, 0x0000000100000000)
  eden space 170496K, 100% used [0x00000000d5c00000,0x00000000e0280000,0x00000000e0280000)
  from space 97792K, 77% used [0x00000000e6980000,0x00000000eb3b5a70,0x00000000ec900000)
  to   space 105472K, 0% used [0x00000000e0280000,0x00000000e0280000,0x00000000e6980000)
 ParOldGen       total 235008K, used 178480K [0x0000000081400000, 0x000000008f980000, 0x00000000d5c00000)
  object space 235008K, 75% used [0x0000000081400000,0x000000008c24c168,0x000000008f980000)
 Metaspace       used 18684K, capacity 19420K, committed 19584K, reserved 1067008K
  class space    used 2371K, capacity 2577K, committed 2688K, reserved 1048576K
Event: 165.712 GC heap after
Heap after GC invocations=15 (full 2):
 PSYoungGen      total 275968K, used 75670K [0x00000000d5c00000, 0x00000000ef200000, 0x0000000100000000)
  eden space 170496K, 0% used [0x00000000d5c00000,0x00000000d5c00000,0x00000000e0280000)
  from space 105472K, 71% used [0x00000000e0280000,0x00000000e4c65a70,0x00000000e6980000)
  to   space 111616K, 0% used [0x00000000e8500000,0x00000000e8500000,0x00000000ef200000)
 ParOldGen       total 235008K, used 178488K [0x0000000081400000, 0x000000008f980000, 0x00000000d5c00000)
  object space 235008K, 75% used [0x0000000081400000,0x000000008c24e168,0x000000008f980000)
 Metaspace       used 18684K, capacity 19420K, committed 19584K, reserved 1067008K
  class space    used 2371K, capacity 2577K, committed 2688K, reserved 1048576K
}
Event: 168.893 GC heap before
{Heap before GC invocations=16 (full 2):
 PSYoungGen      total 275968K, used 246166K [0x00000000d5c00000, 0x00000000ef200000, 0x0000000100000000)
  eden space 170496K, 100% used [0x00000000d5c00000,0x00000000e0280000,0x00000000e0280000)
  from space 105472K, 71% used [0x00000000e0280000,0x00000000e4c65a70,0x00000000e6980000)
  to   space 111616K, 0% used [0x00000000e8500000,0x00000000e8500000,0x00000000ef200000)
 ParOldGen       total 235008K, used 178488K [0x0000000081400000, 0x000000008f980000, 0x00000000d5c00000)
  object space 235008K, 75% used [0x0000000081400000,0x000000008c24e168,0x000000008f980000)
 Metaspace       used 18745K, capacity 19484K, committed 19840K, reserved 1067008K
  class space    used 2371K, capacity 2577K, committed 2688K, reserved 1048576K
Event: 168.941 GC heap after
Heap after GC invocations=16 (full 2):
 PSYoungGen      total 300032K, used 76022K [0x00000000d5c00000, 0x00000000efa00000, 0x0000000100000000)
  eden space 188416K, 0% used [0x00000000d5c00000,0x00000000d5c00000,0x00000000e1400000)
  from space 111616K, 68% used [0x00000000e8500000,0x00000000ecf3da70,0x00000000ef200000)
  to   space 115712K, 0% used [0x00000000e1400000,0x00000000e1400000,0x00000000e8500000)
 ParOldGen       total 235008K, used 178496K [0x0000000081400000, 0x000000008f980000, 0x00000000d5c00000)
  object space 235008K, 75% used [0x0000000081400000,0x000000008c250168,0x000000008f980000)
 Metaspace       used 18745K, capacity 19484K, committed 19840K, reserved 1067008K
  class space    used 2371K, capacity 2577K, committed 2688K, reserved 1048576K
}
Event: 172.136 GC heap before
{Heap before GC invocations=17 (full 2):
 PSYoungGen      total 300032K, used 264438K [0x00000000d5c00000, 0x00000000efa00000, 0x0000000100000000)
  eden space 188416K, 100% used [0x00000000d5c00000,0x00000000e1400000,0x00000000e1400000)
  from space 111616K, 68% used [0x00000000e8500000,0x00000000ecf3da70,0x00000000ef200000)
  to   space 115712K, 0% used [0x00000000e1400000,0x00000000e1400000,0x00000000e8500000)
 ParOldGen       total 235008K, used 178496K [0x0000000081400000, 0x000000008f980000, 0x00000000d5c00000)
  object space 235008K, 75% used [0x0000000081400000,0x000000008c2503a0,0x000000008f980000)
 Metaspace       used 18764K, capacity 19484K, committed 19840K, reserved 1067008K
  class space    used 2371K, capacity 2577K, committed 2688K, reserved 1048576K
Event: 172.168 GC heap after
Heap after GC invocations=17 (full 2):
 PSYoungGen      total 304128K, used 82890K [0x00000000d5c00000, 0x00000000f1800000, 0x0000000100000000)
  eden space 188416K, 0% used [0x00000000d5c00000,0x00000000d5c00000,0x00000000e1400000)
  from space 115712K, 71% used [0x00000000e1400000,0x00000000e64f2a80,0x00000000e8500000)
  to   space 121856K, 0% used [0x00000000ea100000,0x00000000ea100000,0x00000000f1800000)
 ParOldGen       total 235008K, used 178504K [0x0000000081400000, 0x000000008f980000, 0x00000000d5c00000)
  object space 235008K, 75% used [0x0000000081400000,0x000000008c2523a0,0x000000008f980000)
 Metaspace       used 18764K, capacity 19484K, committed 19840K, reserved 1067008K
  class space    used 2371K, capacity 2577K, committed 2688K, reserved 1048576K
}
Event: 175.296 GC heap before
{Heap before GC invocations=18 (full 2):
 PSYoungGen      total 304128K, used 271306K [0x00000000d5c00000, 0x00000000f1800000, 0x0000000100000000)
  eden space 188416K, 100% used [0x00000000d5c00000,0x00000000e1400000,0x00000000e1400000)
  from space 115712K, 71% used [0x00000000e1400000,0x00000000e64f2a80,0x00000000e8500000)
  to   space 121856K, 0% used [0x00000000ea100000,0x00000000ea100000,0x00000000f1800000)
 ParOldGen       total 235008K, used 178523K [0x0000000081400000, 0x000000008f980000, 0x00000000d5c00000)
  object space 235008K, 75% used [0x0000000081400000,0x000000008c256f90,0x000000008f980000)
 Metaspace       used 19057K, capacity 19822K, committed 20096K, reserved 1067008K
  class space    used 2419K, capacity 2620K, committed 2688K, reserved 1048576K
Event: 175.368 GC heap after
Heap after GC invocations=18 (full 2):
 PSYoungGen      total 328704K, used 82938K [0x00000000d5c00000, 0x00000000f2300000, 0x0000000100000000)
  eden space 206848K, 0% used [0x00000000d5c00000,0x00000000d5c00000,0x00000000e2600000)
  from space 121856K, 68% used [0x00000000ea100000,0x00000000ef1fe800,0x00000000f1800000)
  to   space 125952K, 0% used [0x00000000e2600000,0x00000000e2600000,0x00000000ea100000)
 ParOldGen       total 235008K, used 178523K [0x0000000081400000, 0x000000008f980000, 0x00000000d5c00000)
  object space 235008K, 75% used [0x0000000081400000,0x000000008c256f90,0x000000008f980000)
 Metaspace       used 19057K, capacity 19822K, committed 20096K, reserved 1067008K
  class space    used 2419K, capacity 2620K, committed 2688K, reserved 1048576K
}

